<?xml version="1.0" encoding="UTF-8"?>
<!-- Generated by org.testng.reporters.JUnitXMLReporter -->
<testsuite hostname="LAPTOP-G4DADQP3" ignored="0" name="Test Maven Testing" tests="8" failures="0" timestamp="28 Jan 2019 04:51:31 GMT" time="0.08" errors="0">
  <testcase name="div" time="0.01" classname="com.qa.tests.sampleTest"/>
  <testcase name="mul" time="0.0" classname="com.qa.tests.sampleTest"/>
  <testcase name="sub" time="0.0" classname="com.qa.tests.sampleTest"/>
  <testcase name="sum" time="0.0" classname="com.qa.tests.sampleTest"/>
  <testcase name="div" time="0.004" classname="com.qa.tests.sampleTest1"/>
  <testcase name="mul" time="0.0" classname="com.qa.tests.sampleTest1"/>
  <testcase name="sub" time="0.0" classname="com.qa.tests.sampleTest1"/>
  <testcase name="sum" time="0.0" classname="com.qa.tests.sampleTest1"/>
</testsuite> <!-- Test Maven Testing -->
