<?xml version="1.0" encoding="UTF-8"?>
<!-- Generated by org.testng.reporters.JUnitXMLReporter -->
<testsuite hostname="LAPTOP-G4DADQP3" ignored="0" name="Default test" tests="4" failures="0" timestamp="28 Jan 2019 04:47:07 GMT" time="0.085" errors="0">
  <testcase name="div" time="0.016" classname="com.qa.tests.sampleTest"/>
  <testcase name="mul" time="0.0" classname="com.qa.tests.sampleTest"/>
  <testcase name="sub" time="0.0" classname="com.qa.tests.sampleTest"/>
  <testcase name="sum" time="0.0" classname="com.qa.tests.sampleTest"/>
</testsuite> <!-- Default test -->
