<?xml version="1.0" encoding="UTF-8"?>
<testng-results skipped="0" failed="0" ignored="0" total="8" passed="8">
  <reporter-output>
  </reporter-output>
  <suite name="Test Maven Suite" duration-ms="80" started-at="2019-01-28T04:51:31Z" finished-at="2019-01-28T04:51:31Z">
    <groups>
    </groups>
    <test name="Test Maven Testing" duration-ms="80" started-at="2019-01-28T04:51:31Z" finished-at="2019-01-28T04:51:31Z">
      <class name="com.qa.tests.sampleTest">
        <test-method status="PASS" signature="div()[pri:0, instance:com.qa.tests.sampleTest@dfd3711]" name="div" duration-ms="10" started-at="2019-01-28T04:51:31Z" finished-at="2019-01-28T04:51:31Z">
          <reporter-output>
          </reporter-output>
        </test-method> <!-- div -->
        <test-method status="PASS" signature="mul()[pri:0, instance:com.qa.tests.sampleTest@dfd3711]" name="mul" duration-ms="0" started-at="2019-01-28T04:51:31Z" finished-at="2019-01-28T04:51:31Z">
          <reporter-output>
          </reporter-output>
        </test-method> <!-- mul -->
        <test-method status="PASS" signature="sub()[pri:0, instance:com.qa.tests.sampleTest@dfd3711]" name="sub" duration-ms="0" started-at="2019-01-28T04:51:31Z" finished-at="2019-01-28T04:51:31Z">
          <reporter-output>
          </reporter-output>
        </test-method> <!-- sub -->
        <test-method status="PASS" signature="sum()[pri:0, instance:com.qa.tests.sampleTest@dfd3711]" name="sum" duration-ms="0" started-at="2019-01-28T04:51:31Z" finished-at="2019-01-28T04:51:31Z">
          <reporter-output>
          </reporter-output>
        </test-method> <!-- sum -->
      </class> <!-- com.qa.tests.sampleTest -->
      <class name="com.qa.tests.sampleTest1">
        <test-method status="PASS" signature="div()[pri:0, instance:com.qa.tests.sampleTest1@5f2050f6]" name="div" duration-ms="4" started-at="2019-01-28T04:51:31Z" finished-at="2019-01-28T04:51:31Z">
          <reporter-output>
          </reporter-output>
        </test-method> <!-- div -->
        <test-method status="PASS" signature="mul()[pri:0, instance:com.qa.tests.sampleTest1@5f2050f6]" name="mul" duration-ms="0" started-at="2019-01-28T04:51:31Z" finished-at="2019-01-28T04:51:31Z">
          <reporter-output>
          </reporter-output>
        </test-method> <!-- mul -->
        <test-method status="PASS" signature="sum()[pri:0, instance:com.qa.tests.sampleTest1@5f2050f6]" name="sum" duration-ms="0" started-at="2019-01-28T04:51:31Z" finished-at="2019-01-28T04:51:31Z">
          <reporter-output>
          </reporter-output>
        </test-method> <!-- sum -->
        <test-method status="PASS" signature="sub()[pri:0, instance:com.qa.tests.sampleTest1@5f2050f6]" name="sub" duration-ms="0" started-at="2019-01-28T04:51:31Z" finished-at="2019-01-28T04:51:31Z">
          <reporter-output>
          </reporter-output>
        </test-method> <!-- sub -->
      </class> <!-- com.qa.tests.sampleTest1 -->
    </test> <!-- Test Maven Testing -->
  </suite> <!-- Test Maven Suite -->
</testng-results>
