<?xml version="1.0" encoding="UTF-8"?>
<testng-results skipped="0" failed="0" ignored="0" total="4" passed="4">
  <reporter-output>
  </reporter-output>
  <suite name="Default suite" duration-ms="85" started-at="2019-01-28T04:47:07Z" finished-at="2019-01-28T04:47:07Z">
    <groups>
    </groups>
    <test name="Default test" duration-ms="85" started-at="2019-01-28T04:47:07Z" finished-at="2019-01-28T04:47:07Z">
      <class name="com.qa.tests.sampleTest">
        <test-method status="PASS" signature="div()[pri:0, instance:com.qa.tests.sampleTest@4678c730]" name="div" duration-ms="16" started-at="2019-01-28T04:47:07Z" finished-at="2019-01-28T04:47:07Z">
          <reporter-output>
          </reporter-output>
        </test-method> <!-- div -->
        <test-method status="PASS" signature="mul()[pri:0, instance:com.qa.tests.sampleTest@4678c730]" name="mul" duration-ms="0" started-at="2019-01-28T04:47:07Z" finished-at="2019-01-28T04:47:07Z">
          <reporter-output>
          </reporter-output>
        </test-method> <!-- mul -->
        <test-method status="PASS" signature="sum()[pri:0, instance:com.qa.tests.sampleTest@4678c730]" name="sum" duration-ms="0" started-at="2019-01-28T04:47:07Z" finished-at="2019-01-28T04:47:07Z">
          <reporter-output>
          </reporter-output>
        </test-method> <!-- sum -->
        <test-method status="PASS" signature="sub()[pri:0, instance:com.qa.tests.sampleTest@4678c730]" name="sub" duration-ms="0" started-at="2019-01-28T04:47:07Z" finished-at="2019-01-28T04:47:07Z">
          <reporter-output>
          </reporter-output>
        </test-method> <!-- sub -->
      </class> <!-- com.qa.tests.sampleTest -->
    </test> <!-- Default test -->
  </suite> <!-- Default suite -->
</testng-results>
