<?xml version="1.0" encoding="UTF-8"?>
<!-- Generated by org.testng.reporters.JUnitXMLReporter -->
<testsuite hostname="MOCDTL02SK088C" ignored="0" name="Test Maven Testing" tests="8" failures="0" timestamp="30 Apr 2018 02:09:36 GMT" time="0.064" errors="0">
  <testcase name="div" time="0.012" classname="com.qa.tests.sampleTest"/>
  <testcase name="mul" time="0.001" classname="com.qa.tests.sampleTest"/>
  <testcase name="sub" time="0.002" classname="com.qa.tests.sampleTest"/>
  <testcase name="sum" time="0.002" classname="com.qa.tests.sampleTest"/>
  <testcase name="div" time="0.001" classname="com.qa.tests.sampleTest1"/>
  <testcase name="mul" time="0.002" classname="com.qa.tests.sampleTest1"/>
  <testcase name="sub" time="0.002" classname="com.qa.tests.sampleTest1"/>
  <testcase name="sum" time="0.002" classname="com.qa.tests.sampleTest1"/>
</testsuite> <!-- Test Maven Testing -->
